<?xml version="1.0" encoding="UTF-8"?>
<testng-results ignored="0" total="3" passed="3" failed="0" skipped="0">
  <reporter-output>
  </reporter-output>
  <suite started-at="2023-08-14T18:41:30 IST" name="Default suite" finished-at="2023-08-14T18:41:41 IST" duration-ms="11163">
    <groups>
    </groups>
    <test started-at="2023-08-14T18:41:30 IST" name="Default test" finished-at="2023-08-14T18:41:41 IST" duration-ms="11163">
      <class name="TestNG.DataProvider">
        <test-method signature="demo(java.lang.String,java.lang.String)[pri:0, instance:TestNG.DataProvider@47e2e487]" started-at="2023-08-14T18:41:30 IST" name="demo" data-provider="getData" finished-at="2023-08-14T18:41:34 IST" duration-ms="4045" status="PASS">
          <params>
            <param index="0">
              <value>
                <![CDATA[adfgadfg]]>
              </value>
            </param>
            <param index="1">
              <value>
                <![CDATA[poo]]>
              </value>
            </param>
          </params>
          <reporter-output>
          </reporter-output>
        </test-method> <!-- demo -->
        <test-method signature="demo(java.lang.String,java.lang.String)[pri:0, instance:TestNG.DataProvider@47e2e487]" started-at="2023-08-14T18:41:34 IST" name="demo" data-provider="getData" finished-at="2023-08-14T18:41:38 IST" duration-ms="3888" status="PASS">
          <params>
            <param index="0">
              <value>
                <![CDATA[adfga7dfg]]>
              </value>
            </param>
            <param index="1">
              <value>
                <![CDATA[pooh]]>
              </value>
            </param>
          </params>
          <reporter-output>
          </reporter-output>
        </test-method> <!-- demo -->
        <test-method signature="demo(java.lang.String,java.lang.String)[pri:0, instance:TestNG.DataProvider@47e2e487]" started-at="2023-08-14T18:41:38 IST" name="demo" data-provider="getData" finished-at="2023-08-14T18:41:41 IST" duration-ms="3158" status="PASS">
          <params>
            <param index="0">
              <value>
                <![CDATA[adf122gadfg]]>
              </value>
            </param>
            <param index="1">
              <value>
                <![CDATA[poro]]>
              </value>
            </param>
          </params>
          <reporter-output>
          </reporter-output>
        </test-method> <!-- demo -->
      </class> <!-- TestNG.DataProvider -->
    </test> <!-- Default test -->
  </suite> <!-- Default suite -->
</testng-results>
